<?xml version="1.0" encoding="UTF-8"?>
<testng-results ignored="0" total="3" passed="3" failed="0" skipped="0">
  <reporter-output>
  </reporter-output>
  <suite started-at="2022-01-06T21:54:52Z" name="Suite" finished-at="2022-01-06T21:55:29Z" duration-ms="37550">
    <groups>
    </groups>
    <test started-at="2022-01-06T21:54:52Z" name="Test" finished-at="2022-01-06T21:55:29Z" duration-ms="37550">
      <class name="RediffTestCases.RedifTestCasePFusingdifrntanotation">
        <test-method is-config="true" signature="invokeBrowser()[pri:0, instance:RediffTestCases.RedifTestCasePFusingdifrntanotation@1bab8268]" started-at="2022-01-06T21:54:52Z" name="invokeBrowser" finished-at="2022-01-06T21:54:55Z" duration-ms="2879" status="PASS">
          <reporter-output>
          </reporter-output>
        </test-method> <!-- invokeBrowser -->
        <test-method signature="login()[pri:0, instance:RediffTestCases.RedifTestCasePFusingdifrntanotation@1bab8268]" started-at="2022-01-06T21:54:55Z" name="login" finished-at="2022-01-06T21:55:29Z" duration-ms="34359" status="PASS">
          <reporter-output>
          </reporter-output>
        </test-method> <!-- login -->
        <test-method is-config="true" signature="afterMethod()[pri:0, instance:RediffTestCases.RedifTestCasePFusingdifrntanotation@1bab8268]" started-at="2022-01-06T21:55:29Z" name="afterMethod" finished-at="2022-01-06T21:55:29Z" duration-ms="243" status="PASS">
          <reporter-output>
          </reporter-output>
        </test-method> <!-- afterMethod -->
      </class> <!-- RediffTestCases.RedifTestCasePFusingdifrntanotation -->
      <class name="RediffTestCases.UsgDatapropertiesRedifLogin">
        <test-method signature="login()[pri:0, instance:RediffTestCases.UsgDatapropertiesRedifLogin@a307a8c]" started-at="2022-01-06T21:54:55Z" name="login" finished-at="2022-01-06T21:55:23Z" duration-ms="28673" status="PASS">
          <reporter-output>
          </reporter-output>
        </test-method> <!-- login -->
      </class> <!-- RediffTestCases.UsgDatapropertiesRedifLogin -->
    </test> <!-- Test -->
  </suite> <!-- Suite -->
  <suite started-at="2022-01-06T21:55:29Z" name="Suite (0)" finished-at="2022-01-06T21:55:37Z" duration-ms="7215">
    <groups>
    </groups>
    <test started-at="2022-01-06T21:55:29Z" name="Test" finished-at="2022-01-06T21:55:37Z" duration-ms="7215">
      <class name="TestNGPractice.ParameterDemoHRM">
        <test-method signature="invokeBrowser(java.lang.String, java.lang.String, java.lang.String, java.lang.String)[pri:0, instance:TestNGPractice.ParameterDemoHRM@2a225dd7]" started-at="2022-01-06T21:55:29Z" name="invokeBrowser" finished-at="2022-01-06T21:55:36Z" duration-ms="7051" status="PASS">
          <params>
            <param index="0">
              <value>
                <![CDATA[chrome]]>
              </value>
            </param>
            <param index="1">
              <value>
                <![CDATA[https://opensource-demo.orangehrmlive.com/]]>
              </value>
            </param>
            <param index="2">
              <value>
                <![CDATA[Admin]]>
              </value>
            </param>
            <param index="3">
              <value>
                <![CDATA[admin123]]>
              </value>
            </param>
          </params>
          <reporter-output>
          </reporter-output>
        </test-method> <!-- invokeBrowser -->
        <test-method is-config="true" signature="afterMethod()[pri:0, instance:TestNGPractice.ParameterDemoHRM@2a225dd7]" started-at="2022-01-06T21:55:36Z" name="afterMethod" finished-at="2022-01-06T21:55:37Z" duration-ms="159" status="PASS">
          <reporter-output>
          </reporter-output>
        </test-method> <!-- afterMethod -->
      </class> <!-- TestNGPractice.ParameterDemoHRM -->
    </test> <!-- Test -->
  </suite> <!-- Suite (0) -->
</testng-results>
