<?xml version="1.0" encoding="UTF-8"?>
<testng-results ignored="0" total="1" passed="1" failed="0" skipped="0">
  <reporter-output>
  </reporter-output>
  <suite started-at="2022-01-03T23:32:46Z" name="Default suite" finished-at="2022-01-03T23:33:18Z" duration-ms="32141">
    <groups>
    </groups>
    <test started-at="2022-01-03T23:32:46Z" name="Default test" finished-at="2022-01-03T23:33:18Z" duration-ms="32141">
      <class name="RediffTestCases.UsgDatapropertiesRedifLogin">
        <test-method signature="login()[pri:0, instance:RediffTestCases.UsgDatapropertiesRedifLogin@33065d67]" started-at="2022-01-03T23:32:46Z" name="login" finished-at="2022-01-03T23:33:18Z" duration-ms="32122" status="PASS">
          <reporter-output>
          </reporter-output>
        </test-method> <!-- login -->
      </class> <!-- RediffTestCases.UsgDatapropertiesRedifLogin -->
    </test> <!-- Default test -->
  </suite> <!-- Default suite -->
</testng-results>
